1: 287
2: 98
3: 18
4: 133
5: 2
6: 36
7: 4
8: 143
9: 128
10: 7
11: 133
12: 9
13: 132
14: 129
15: 22
16: 117
17: 103
18: 82
19: 71
20: 45
21: 77
22: 75
23: 5
24: 23
25: 5
26: 116
27: 24
28: 25
29: 20
30: 20
31: 59
32: 27
33: 10
34: 22
35: 101
36: 2
37: 29
38: 4
39: 649
40: 73
41: 336
42: 228
43: 473
44: 353
45: 234
46: 241
47: 178
48: 2
49: 244
50: 4
51: 35
52: 43
53: 45
54: 205
55: 43
56: 38
57: 107
58: 21
59: 18
60: 41
61: 94
62: 228
63: 34
64: 45
65: 188
66: 47
67: 34
68: 35
69: 198
70: 44
71: 26
72: 44
73: 41
74: 44
75: 191
76: 30
77: 36
78: 34
79: 2
80: 17
81: 34
82: 195
83: 41
84: 48
85: 5
86: 19
87: 29
88: 64
89: 49
90: 700
91: 69
92: 23
93: 5
94: 30
95: 35
96: 51
97: 22
98: 32
99: 34
